{"level":"error","message":{"body":{"requestId":"2"},"error":{"code":"LIMIT_UNEXPECTED_FILE","message":"Unexpected field","name":"MulterError","stack":"MulterError: Unexpected field\n    at wrappedFileFilter (/home/hamid/Desktop/Codes/rh-connect/backend/node_modules/multer/index.js:40:19)\n    at Multipart.<anonymous> (/home/hamid/Desktop/Codes/rh-connect/backend/node_modules/multer/lib/make-middleware.js:132:7)\n    at Multipart.emit (node:events:518:28)\n    at HeaderParser.cb (/home/hamid/Desktop/Codes/rh-connect/backend/node_modules/busboy/lib/types/multipart.js:358:14)\n    at HeaderParser.push (/home/hamid/Desktop/Codes/rh-connect/backend/node_modules/busboy/lib/types/multipart.js:162:20)\n    at SBMH.ssCb [as _cb] (/home/hamid/Desktop/Codes/rh-connect/backend/node_modules/busboy/lib/types/multipart.js:394:37)\n    at feed (/home/hamid/Desktop/Codes/rh-connect/backend/node_modules/streamsearch/lib/sbmh.js:248:10)\n    at SBMH.push (/home/hamid/Desktop/Codes/rh-connect/backend/node_modules/streamsearch/lib/sbmh.js:104:16)\n    at Multipart._write (/home/hamid/Desktop/Codes/rh-connect/backend/node_modules/busboy/lib/types/multipart.js:567:19)\n    at writeOrBuffer (node:internal/streams/writable:572:12)"},"event":"UNHANDLED_ERROR","headers":{"accept":"application/json, text/plain, */*","accept-encoding":"gzip, deflate, br, zstd","accept-language":"en-US,en;q=0.9","connection":"keep-alive","content-length":"121620","content-type":"multipart/form-data; boundary=----WebKitFormBoundaryTIvkuRc8BT821F3X","cookie":"token=eyJhbGciOiJIUzI1NiIsInR5cCI6IkpXVCJ9.eyJ1c2VySWQiOjEsInJvbGUiOiJhZG1pbiIsImlhdCI6MTc1Mzk3NTgwMywiZXhwIjoxNzU0NTgwNjAzfQ.hdu81cLf56Siqm1e0B4tQuV4vLWrwck5i_kJ3o7o9I8","host":"localhost:3000","origin":"http://localhost:4200","referer":"http://localhost:4200/","sec-ch-ua":"\"Not)A;Brand\";v=\"8\", \"Chromium\";v=\"138\", \"Google Chrome\";v=\"138\"","sec-ch-ua-mobile":"?0","sec-ch-ua-platform":"\"Linux\"","sec-fetch-dest":"empty","sec-fetch-mode":"cors","sec-fetch-site":"same-site","user-agent":"Mozilla/5.0 (X11; Linux x86_64) AppleWebKit/537.36 (KHTML, like Gecko) Chrome/138.0.0.0 Safari/537.36"},"ip":"::1","method":"POST","params":{},"path":"/api/requests/upload-file","query":{},"status":500,"timestamp":"2025-07-31T18:04:26.749Z","url":"/api/requests/upload-file"},"timestamp":"2025-07-31 23:04:26"}
{"level":"info","message":"Email sent to tl1@example.com","timestamp":"2025-08-10 12:08:36"}
{"level":"info","message":"Email sent to nurse1@example.com","timestamp":"2025-08-10 12:08:37"}
{"level":"info","message":"Email sent to mianhamid6426@gmail.com","timestamp":"2025-08-10 12:08:38"}
{"level":"info","message":"Email sent to nurse1@example.com","timestamp":"2025-08-10 16:34:04"}
{"level":"info","message":"Email sent to tl1@example.com","timestamp":"2025-08-10 16:34:05"}
{"level":"info","message":"Email sent to mianhamid6426@gmail.com","timestamp":"2025-08-10 16:34:05"}
{"level":"info","message":"Email sent to nurse1@example.com","timestamp":"2025-08-10 16:56:29"}
{"level":"info","message":"Email sent to mianhamid6426@gmail.com","timestamp":"2025-08-10 16:56:30"}
{"level":"info","message":"Email sent to tl1@example.com","timestamp":"2025-08-10 16:56:30"}
{"level":"info","message":"Email sent to mianhamid6426@gmail.com","timestamp":"2025-08-13 22:15:41"}
{"level":"info","message":"Email sent to nurse1@example.com","timestamp":"2025-08-13 22:15:41"}
{"level":"info","message":"Email sent to tl1@example.com","timestamp":"2025-08-13 22:15:43"}
{"level":"info","message":"Email sent to nurse1@example.com","timestamp":"2025-08-13 22:20:22"}
{"level":"info","message":"Email sent to tl1@example.com","timestamp":"2025-08-13 22:20:22"}
{"level":"info","message":"Email sent to mianhamid6426@gmail.com","timestamp":"2025-08-13 22:20:22"}
{"level":"info","message":"Email sent to hr1@example.com","timestamp":"2025-08-15 01:08:14"}
{"level":"info","message":"Email sent to nurse1@example.com","timestamp":"2025-08-15 01:18:40"}
{"level":"info","message":"Email sent to mianhamid6426@gmail.com","timestamp":"2025-08-15 01:18:41"}
{"level":"info","message":"Email sent to tl1@example.com","timestamp":"2025-08-15 01:18:41"}
{"level":"info","message":"Email sent to tl1@example.com","timestamp":"2025-08-19 22:29:34"}
{"level":"info","message":"Email sent to mianhamid6426@gmail.com","timestamp":"2025-08-19 22:29:34"}
{"level":"info","message":"Email sent to nurse1@example.com","timestamp":"2025-08-19 22:29:36"}
{"level":"info","message":"Email sent to mianhamid6426@gmail.com","timestamp":"2025-08-19 22:44:13"}
{"level":"info","message":"Email sent to tl1@example.com","timestamp":"2025-08-19 22:44:13"}
{"level":"info","message":"Email sent to nurse1@example.com","timestamp":"2025-08-19 22:44:14"}
{"level":"info","message":"Email sent to mianhamid6426@gmail.com","timestamp":"2025-08-19 22:46:56"}
{"level":"info","message":"Email sent to nurse1@example.com","timestamp":"2025-08-19 22:46:57"}
{"level":"info","message":"Email sent to tl1@example.com","timestamp":"2025-08-19 22:46:57"}
{"level":"info","message":"Email sent to tl1@example.com","timestamp":"2025-08-19 22:47:44"}
{"level":"info","message":"Email sent to mianhamid6426@gmail.com","timestamp":"2025-08-19 22:47:44"}
{"level":"info","message":"Email sent to nurse1@example.com","timestamp":"2025-08-19 22:47:45"}
{"level":"info","message":"Email sent to mianhamid6426@gmail.com","timestamp":"2025-08-19 22:53:09"}
{"level":"info","message":"Email sent to tl1@example.com","timestamp":"2025-08-19 22:53:10"}
{"level":"info","message":"Email sent to nurse1@example.com","timestamp":"2025-08-19 22:53:10"}
{"level":"info","message":"Email sent to tl1@example.com","timestamp":"2025-08-21 00:00:14"}
{"level":"info","message":"Email sent to nurse1@example.com","timestamp":"2025-08-21 00:00:14"}
{"level":"info","message":"Email sent to mianhamid6426@gmail.com","timestamp":"2025-08-21 00:00:15"}
{"level":"info","message":"Email sent to mianhamid6426@gmail.com","timestamp":"2025-08-21 00:02:23"}
{"level":"info","message":"Email sent to nurse1@example.com","timestamp":"2025-08-21 00:02:24"}
{"level":"info","message":"Email sent to tl1@example.com","timestamp":"2025-08-21 00:02:25"}
{"level":"info","message":"Email sent to nurse1@example.com","timestamp":"2025-08-21 00:02:49"}
{"level":"info","message":"Email sent to mianhamid6426@gmail.com","timestamp":"2025-08-21 00:02:50"}
{"level":"info","message":"Email sent to tl1@example.com","timestamp":"2025-08-21 00:02:50"}
{"level":"info","message":"Email sent to nurse1@example.com","timestamp":"2025-08-21 00:06:55"}
{"level":"info","message":"Email sent to tl1@example.com","timestamp":"2025-08-21 00:06:56"}
{"level":"info","message":"Email sent to mianhamid6426@gmail.com","timestamp":"2025-08-21 00:06:57"}
{"level":"info","message":"Email sent to mianhamid6426@gmail.com","timestamp":"2025-08-21 00:07:07"}
{"level":"info","message":"Email sent to nurse1@example.com","timestamp":"2025-08-21 00:07:08"}
{"level":"info","message":"Email sent to tl1@example.com","timestamp":"2025-08-21 00:07:12"}
{"level":"info","message":"Email sent to mianhamid6426@gmail.com","timestamp":"2025-08-21 00:07:22"}
{"level":"info","message":"Email sent to nurse1@example.com","timestamp":"2025-08-21 00:07:22"}
{"level":"info","message":"Email sent to tl1@example.com","timestamp":"2025-08-21 00:07:22"}
{"level":"info","message":"Email sent to nurse1@example.com","timestamp":"2025-08-21 00:07:31"}
{"level":"info","message":"Email sent to tl1@example.com","timestamp":"2025-08-21 00:07:31"}
{"level":"info","message":"Email sent to mianhamid6426@gmail.com","timestamp":"2025-08-21 00:07:32"}
{"level":"error","message":"Failed to send email to nounesfatimazahra@gmail.com: Error: Invalid login: 535-5.7.8 Username and Password not accepted. For more information, go to\n535 5.7.8  https://support.google.com/mail/?p=BadCredentials 5b1f17b1804b1-45b57498e88sm45714965e9.24 - gsmtp","timestamp":"2025-08-23 19:01:03"}
{"level":"error","message":"Failed to send email to nurse1@example.com: Error: Invalid login: 535-5.7.8 Username and Password not accepted. For more information, go to\n535 5.7.8  https://support.google.com/mail/?p=BadCredentials ffacd0b85a97d-3c70f238640sm4465852f8f.26 - gsmtp","timestamp":"2025-08-23 19:01:03"}
{"level":"error","message":"Failed to send email to tl1@example.com: Error: Invalid login: 535-5.7.8 Username and Password not accepted. For more information, go to\n535 5.7.8  https://support.google.com/mail/?p=BadCredentials ffacd0b85a97d-3c7116e1397sm4333892f8f.49 - gsmtp","timestamp":"2025-08-23 19:01:03"}
{"level":"error","message":"Failed to send email to nounesfatimazahra@gmail.com: Error: Invalid login: 535-5.7.8 Username and Password not accepted. For more information, go to\n535 5.7.8  https://support.google.com/mail/?p=BadCredentials 5b1f17b1804b1-45b4e26944dsm62094535e9.2 - gsmtp","timestamp":"2025-08-23 19:03:01"}
{"level":"error","message":"Failed to send email to tl1@example.com: Error: Invalid login: 535-5.7.8 Username and Password not accepted. For more information, go to\n535 5.7.8  https://support.google.com/mail/?p=BadCredentials ffacd0b85a97d-3c70e4b9d30sm4371322f8f.13 - gsmtp","timestamp":"2025-08-23 19:03:01"}
{"level":"error","message":"Failed to send email to nurse1@example.com: Error: Invalid login: 535-5.7.8 Username and Password not accepted. For more information, go to\n535 5.7.8  https://support.google.com/mail/?p=BadCredentials 5b1f17b1804b1-45b5757477dsm42575425e9.16 - gsmtp","timestamp":"2025-08-23 19:03:01"}
{"level":"error","message":"Failed to send email to nurse1@example.com: Error: Invalid login: 535-5.7.8 Username and Password not accepted. For more information, go to\n535 5.7.8  https://support.google.com/mail/?p=BadCredentials ffacd0b85a97d-3c711d9f389sm4368387f8f.60 - gsmtp","timestamp":"2025-08-23 19:05:03"}
{"level":"error","message":"Failed to send email to tl1@example.com: Error: Invalid login: 535-5.7.8 Username and Password not accepted. For more information, go to\n535 5.7.8  https://support.google.com/mail/?p=BadCredentials ffacd0b85a97d-3c7115ec8fcsm4396440f8f.45 - gsmtp","timestamp":"2025-08-23 19:05:03"}
{"level":"error","message":"Failed to send email to nounesfatimazahra@gmail.com: Error: Invalid login: 535-5.7.8 Username and Password not accepted. For more information, go to\n535 5.7.8  https://support.google.com/mail/?p=BadCredentials ffacd0b85a97d-3c7116e1483sm4415492f8f.50 - gsmtp","timestamp":"2025-08-23 19:05:03"}
{"level":"error","message":"Failed to send email to Test@example.com: Error: Invalid login: 535-5.7.8 Username and Password not accepted. For more information, go to\n535 5.7.8  https://support.google.com/mail/?p=BadCredentials ffacd0b85a97d-3c70e4ba44fsm4487776f8f.5 - gsmtp","timestamp":"2025-08-23 19:12:49"}
{"level":"error","message":"Failed to send email to tl1@example.com: Error: Invalid login: 535-5.7.8 Username and Password not accepted. For more information, go to\n535 5.7.8  https://support.google.com/mail/?p=BadCredentials ffacd0b85a97d-3c7116e1397sm4369234f8f.49 - gsmtp","timestamp":"2025-08-23 19:13:16"}
{"level":"error","message":"Failed to send email to nurse1@example.com: Error: Invalid login: 535-5.7.8 Username and Password not accepted. For more information, go to\n535 5.7.8  https://support.google.com/mail/?p=BadCredentials 5b1f17b1804b1-45b575929a0sm42248535e9.25 - gsmtp","timestamp":"2025-08-23 19:13:16"}
{"level":"error","message":"Failed to send email to nounesfatimazahra@gmail.com: Error: Invalid login: 535-5.7.8 Username and Password not accepted. For more information, go to\n535 5.7.8  https://support.google.com/mail/?p=BadCredentials 5b1f17b1804b1-45b4e26944dsm62234645e9.2 - gsmtp","timestamp":"2025-08-23 19:13:16"}
{"level":"error","message":"Failed to send email to employe@example.com: Error: Invalid login: 535-5.7.8 Username and Password not accepted. For more information, go to\n535 5.7.8  https://support.google.com/mail/?p=BadCredentials 5b1f17b1804b1-45b5f28fa02sm16144895e9.11 - gsmtp","timestamp":"2025-08-24 16:14:22"}
{"level":"error","message":"Failed to send email to nounesfatimazahra@gmail.com: Error: Invalid login: 535-5.7.8 Username and Password not accepted. For more information, go to\n535 5.7.8  https://support.google.com/mail/?p=BadCredentials 5b1f17b1804b1-45b57444b3asm75497465e9.4 - gsmtp","timestamp":"2025-08-24 16:15:11"}
{"level":"error","message":"Failed to send email to tl1@example.com: Error: Invalid login: 535-5.7.8 Username and Password not accepted. For more information, go to\n535 5.7.8  https://support.google.com/mail/?p=BadCredentials ffacd0b85a97d-3c711211cabsm7982014f8f.32 - gsmtp","timestamp":"2025-08-24 16:15:11"}
{"level":"error","message":"Failed to send email to nurse1@example.com: Error: Invalid login: 535-5.7.8 Username and Password not accepted. For more information, go to\n535 5.7.8  https://support.google.com/mail/?p=BadCredentials ffacd0b85a97d-3c70e4b9e2asm8313112f8f.6 - gsmtp","timestamp":"2025-08-24 16:15:11"}
{"level":"error","message":"Failed to send email to tl1@example.com: Error: Invalid login: 535-5.7.8 Username and Password not accepted. For more information, go to\n535 5.7.8  https://support.google.com/mail/?p=BadCredentials ffacd0b85a97d-3c7a361de72sm6116375f8f.8 - gsmtp","timestamp":"2025-08-24 16:17:08"}
{"level":"error","message":"Failed to send email to nounesfatimazahra@gmail.com: Error: Invalid login: 535-5.7.8 Username and Password not accepted. For more information, go to\n535 5.7.8  https://support.google.com/mail/?p=BadCredentials ffacd0b85a97d-3c70e4b9e1fsm8255348f8f.14 - gsmtp","timestamp":"2025-08-24 16:17:08"}
{"level":"error","message":"Failed to send email to nurse1@example.com: Error: Invalid login: 535-5.7.8 Username and Password not accepted. For more information, go to\n535 5.7.8  https://support.google.com/mail/?p=BadCredentials 5b1f17b1804b1-45b598cc42asm36241665e9.1 - gsmtp","timestamp":"2025-08-24 16:17:08"}
{"level":"error","message":"Failed to send email to nounesfatimazahra@gmail.com: Error: Invalid login: 535-5.7.8 Username and Password not accepted. For more information, go to\n535 5.7.8  https://support.google.com/mail/?p=BadCredentials ffacd0b85a97d-3c70e3c589dsm7688543f8f.11 - gsmtp","timestamp":"2025-08-24 16:19:52"}
{"level":"error","message":"Failed to send email to nurse1@example.com: Error: Invalid login: 535-5.7.8 Username and Password not accepted. For more information, go to\n535 5.7.8  https://support.google.com/mail/?p=BadCredentials 5b1f17b1804b1-45b57499143sm72835285e9.26 - gsmtp","timestamp":"2025-08-24 16:19:52"}
{"level":"error","message":"Failed to send email to tl1@example.com: Error: Invalid login: 535-5.7.8 Username and Password not accepted. For more information, go to\n535 5.7.8  https://support.google.com/mail/?p=BadCredentials 5b1f17b1804b1-45b57498b37sm76131415e9.23 - gsmtp","timestamp":"2025-08-24 16:19:52"}
{"level":"error","message":"Failed to send email to infirmiere@arrow.com: Error: Invalid login: 535-5.7.8 Username and Password not accepted. For more information, go to\n535 5.7.8  https://support.google.com/mail/?p=BadCredentials 5b1f17b1804b1-45b5758a018sm77648155e9.21 - gsmtp","timestamp":"2025-08-24 16:29:11"}
{"level":"error","message":"Failed to send email to tl1@example.com: Error: Invalid login: 535-5.7.8 Username and Password not accepted. For more information, go to\n535 5.7.8  https://support.google.com/mail/?p=BadCredentials 5b1f17b1804b1-45b57487c55sm74412655e9.16 - gsmtp","timestamp":"2025-08-24 16:29:40"}
{"level":"error","message":"Failed to send email to infirmiere@arrow.com: Error: Invalid login: 535-5.7.8 Username and Password not accepted. For more information, go to\n535 5.7.8  https://support.google.com/mail/?p=BadCredentials ffacd0b85a97d-3c70e4b9e1fsm8296303f8f.14 - gsmtp","timestamp":"2025-08-24 16:29:40"}
{"level":"error","message":"Failed to send email to nurse1@example.com: Error: Invalid login: 535-5.7.8 Username and Password not accepted. For more information, go to\n535 5.7.8  https://support.google.com/mail/?p=BadCredentials ffacd0b85a97d-3c70e4ba41bsm8126942f8f.10 - gsmtp","timestamp":"2025-08-24 16:29:40"}
{"level":"error","message":"Failed to send email to nounesfatimazahra@gmail.com: Error: Invalid login: 535-5.7.8 Username and Password not accepted. For more information, go to\n535 5.7.8  https://support.google.com/mail/?p=BadCredentials 5b1f17b1804b1-45b5757477dsm73727895e9.16 - gsmtp","timestamp":"2025-08-24 16:29:40"}
{"level":"error","message":"Failed to send email to Tl@arrow.com: Error: Invalid login: 535-5.7.8 Username and Password not accepted. For more information, go to\n535 5.7.8  https://support.google.com/mail/?p=BadCredentials ffacd0b85a97d-3c711211b19sm8049899f8f.39 - gsmtp","timestamp":"2025-08-24 16:31:05"}
{"level":"error","message":"Failed to send email to infirmiere@arrow.com: Error: Invalid login: 535-5.7.8 Username and Password not accepted. For more information, go to\n535 5.7.8  https://support.google.com/mail/?p=BadCredentials ffacd0b85a97d-3c7116e1478sm7863087f8f.46 - gsmtp","timestamp":"2025-08-24 16:32:01"}
{"level":"error","message":"Failed to send email to nounesfatimazahra@gmail.com: Error: Invalid login: 535-5.7.8 Username and Password not accepted. For more information, go to\n535 5.7.8  https://support.google.com/mail/?p=BadCredentials ffacd0b85a97d-3c711d9f3a8sm7882760f8f.62 - gsmtp","timestamp":"2025-08-24 16:32:01"}
{"level":"error","message":"Failed to send email to tl1@example.com: Error: Invalid login: 535-5.7.8 Username and Password not accepted. For more information, go to\n535 5.7.8  https://support.google.com/mail/?p=BadCredentials ffacd0b85a97d-3c711ca6179sm7721926f8f.58 - gsmtp","timestamp":"2025-08-24 16:32:01"}
{"level":"error","message":"Failed to send email to Tl@arrow.com: Error: Invalid login: 535-5.7.8 Username and Password not accepted. For more information, go to\n535 5.7.8  https://support.google.com/mail/?p=BadCredentials ffacd0b85a97d-3c711bb1e3asm7876090f8f.57 - gsmtp","timestamp":"2025-08-24 16:32:01"}
{"level":"error","message":"Failed to send email to nurse1@example.com: Error: Invalid login: 535-5.7.8 Username and Password not accepted. For more information, go to\n535 5.7.8  https://support.google.com/mail/?p=BadCredentials 5b1f17b1804b1-45b4e2534f0sm77784475e9.1 - gsmtp","timestamp":"2025-08-24 16:32:01"}
